<?xml version="1.0" encoding="UTF-8"?>
<!-- Generated by org.testng.reporters.JUnitReportReporter -->
<testsuite hostname="LAPTOP-BF1AP38T" failures="0" tests="1" name="testClass.FBLogIn" time="18.256" errors="0" timestamp="2022-07-05T20:36:20 IST" skipped="0">
  <testcase classname="testClass.FBLogIn" name="login" time="18.256"/>
  <system-out/>
</testsuite> <!-- testClass.FBLogIn -->
